"hello server"
"hello server"
"hello server"
"hello server"
"hello server"
"hello"
"hello"
"hello"
"hello"
"hello"
"hello"
"hello"
"Swoole: i am coroutine"
"Swoole: i am coroutine"
"Swoole: i am coroutine"
null
null
null
null
"Swoole: i am coroutine"
"hello1298"
"hello9048"
"hello1427"
"hello7856"
"hello1548"
"hello9069"
"hello4524"
"hello1731"
"hello1388"
"hello2640"
"hello8751"
"hello4141"
"hello3454"
"hello3892"
"hello1813"
"hello9035"
"hello4157"
"hello8428"
"hello2415"
"hello8425"
"hello3312"
"hello2076"
"hello7065"
"hello2656"
"hello4795"
"hello8034"
"hello8697"
"hello7068"
"hello2082"
"hello4628"
"hello5046"
"hello7283"
"hello8844"
"hello6764"
"hello1011"
"hello9126"
"hello3779"
"hello8748"
"hello7568"
"hello1331"
"hello5058"
"hello4365"
"hello6717"
"hello4502"
"hello5764"
"hello8093"
"hello1675"
"hello7121"
"hello5651"
"hello5308"
"hello2962"
"hello9797"
"hello1301"
"hello5115"
"hello2711"
"hello1048"
"hello3061"
"hello2357"
"hello8757"
"hello3636"
"hello3390"
"hello3668"
"hello4793"
"hello9113"
"hello1610"
"hello9425"
"hello4878"
"hello3626"
"hello1002"
"hello8017"
"hello2668"
"hello3291"
"hello7111"
"hello5471"
"hello9740"
"hello7470"
"hello9721"
"hello3053"
"hello7279"
"hello7253"
"hello3104"
"hello1738"
"hello2961"
"hello2630"
"hello2626"
"hello3197"
"hello9773"
"hello2266"
"hello9260"
"hello1879"
"hello9737"
"hello9938"
"hello4272"
"hello1813"
"hello6483"
"hello6831"
"hello9310"
"hello2938"
"hello8651"
"hello1962"
"hello4705"
"hello7950"
"hello4985"
"hello9570"
"hello1728"
"hello7291"
"hello2288"
"hello2499"
"hello2897"
"hello5933"
"hello1785"
"hello8523"
"hello3035"
"hello6195"
"hello8904"
"hello5870"
"hello1326"
"hello5836"
"hello7768"
"hello6217"
"hello4437"
"hello7465"
"hello1072"
"hello6521"
"hello2829"
"hello1031"
"hello3124"
"hello1461"
"hello1010"
"hello2615"
"hello2196"
"hello7024"
"hello4478"
"hello9197"
"hello3720"
"hello5626"
"hello4203"
"hello1787"
"hello1112"
"hello4467"
"hello8747"
"hello7148"
"hello1548"
"hello4773"
"hello2325"
"hello8552"
"hello2469"
"hello6439"
"hello3363"
"hello3123"
"hello8604"
"hello2473"
"Swoole: i am coroutine"
"hello8055"
"hello8871"
"hello9797"
"hello1958"
"hello8886"
"Swoole: i am coroutine"
"hello7127"
"Swoole: i am coroutine"
"hello1007"
"Swoole: i am coroutine"
"hello4466"
"Swoole: i am coroutine"
"hello3155"
"Swoole: i am coroutine"
"hello: i am THINKPHP!3399"
"Swoole: i am coroutine"
"hello: i am THINKPHP!"
